#
# A fatal error has been detected by the Java Runtime Environment:
#
#  EXCEPTION_ACCESS_VIOLATION (0xc0000005) at pc=0x00000000622c5409, pid=14648, tid=0x0000000000000a50
#
# JRE version: Java(TM) SE Runtime Environment (8.0_111-b14) (build 1.8.0_111-b14)
# Java VM: Java HotSpot(TM) 64-Bit Server VM (25.111-b14 mixed mode windows-amd64 compressed oops)
# Problematic frame:
# V  [jvm.dll+0x145409]
#
# Failed to write core dump. Minidumps are not enabled by default on client versions of Windows
#
# If you would like to submit a bug report, please visit:
#   http://bugreport.java.com/bugreport/crash.jsp
#

---------------  T H R E A D  ---------------

Current thread (0x00000000166f9800):  JavaThread "AWT-EventQueue-0" [_thread_in_vm, id=2640, stack(0x0000000017ab0000,0x0000000017bb0000)]

siginfo: ExceptionCode=0xc0000005, reading address 0x0000000000000000

Registers:
RAX=0x0000000000000000, RBX=0x00000000166f9800, RCX=0x0000000000000980, RDX=0x0000000000000000
RSP=0x0000000017ba7f20, RBP=0x0000000017ba8038, RSI=0x00000000166f99f8, RDI=0x0000000000000000
R8 =0x0000000000000001, R9 =0x0000000000000000, R10=0x00000000028a7988, R11=0x00000000623ab580
R12=0x0000000000000000, R13=0x0000000000000001, R14=0x0000000017ba8078, R15=0x0000000000000000
RIP=0x00000000622c5409, EFLAGS=0x0000000000010202

Top of Stack: (sp=0x0000000017ba7f20)
0x0000000017ba7f20:   0000000016718a00 000000006223b0b6
0x0000000017ba7f30:   0000000017ba8e98 0000000014cc59d0
0x0000000017ba7f40:   00000000028980e0 00007ffe28cf17b1
0x0000000017ba7f50:   0000000018145ae8 00000000166f9800
0x0000000017ba7f60:   0000000018145ae8 00000000166f9800
0x0000000017ba7f70:   00000000028980e0 00000000028a7846
0x0000000017ba7f80:   00000000166f9800 0000000017ba8078
0x0000000017ba7f90:   0000000018145ae8 0000000000000000
0x0000000017ba7fa0:   00000000028980e0 00000000028a79b4
0x0000000017ba7fb0:   0000000018145ae8 0000000017ba8038
0x0000000017ba7fc0:   0000000000200020 00000000028a772b
0x0000000017ba7fd0:   0000000000000001 0000000017ba8058
0x0000000017ba7fe0:   0000000000200020 00000000166f9800
0x0000000017ba7ff0:   00000000028a76e2 0000000017ba7ff8
0x0000000017ba8000:   0000000018145ae8 0000000017ba8078
0x0000000017ba8010:   00000000181477d8 0000000000000000 

Instructions: (pc=0x00000000622c5409)
0x00000000622c53e9:   a9 00 00 00 30 74 08 48 8b cb e8 c8 d1 0f 00 c7
0x00000000622c53f9:   83 70 02 00 00 06 00 00 00 80 3d 58 5f 6c 00 00
0x00000000622c5409:   48 8b 0f b8 10 00 00 00 ba 0c 00 00 00 0f 45 c2
0x00000000622c5419:   48 98 8b 3c 08 c7 83 70 02 00 00 07 00 00 00 83 


Register to memory mapping:

RAX=0x0000000000000000 is an unknown value
RBX=0x00000000166f9800 is a thread
RCX=0x0000000000000980 is an unknown value
RDX=0x0000000000000000 is an unknown value
RSP=0x0000000017ba7f20 is pointing into the stack for thread: 0x00000000166f9800
RBP=0x0000000017ba8038 is pointing into the stack for thread: 0x00000000166f9800
RSI=0x00000000166f99f8 is an unknown value
RDI=0x0000000000000000 is an unknown value
R8 =0x0000000000000001 is an unknown value
R9 =0x0000000000000000 is an unknown value
R10=0x00000000028a7988 is at code_begin+840 in an Interpreter codelet
method entry point (kind = native)  [0x00000000028a7640, 0x00000000028a7fa0]  2400 bytes
R11=0x00000000623ab580 is an unknown value
R12=0x0000000000000000 is an unknown value
R13=0x0000000000000001 is an unknown value
R14=0x0000000017ba8078 is pointing into the stack for thread: 0x00000000166f9800
R15=0x0000000000000000 is an unknown value


Stack: [0x0000000017ab0000,0x0000000017bb0000],  sp=0x0000000017ba7f20,  free space=991k
Native frames: (J=compiled Java code, j=interpreted, Vv=VM code, C=native code)
V  [jvm.dll+0x145409]
C  [dpuareu_jni.dll+0x17b1]
C  0x00000000028a79b4

Java frames: (J=compiled Java code, j=interpreted, Vv=VM code)
j  com.digitalpersona.uareu.jni.Dpfj.DpfjImportFmd(I[BILcom/digitalpersona/uareu/dpfj/FmdImpl;)I+0
j  com.digitalpersona.uareu.jni.Dpfj.import_fmd([BLcom/digitalpersona/uareu/Fmd$Format;Lcom/digitalpersona/uareu/Fmd$Format;)Lcom/digitalpersona/uareu/Fmd;+138
j  com.digitalpersona.uareu.dpfj.ImporterImpl.ImportFmd([BLcom/digitalpersona/uareu/Fmd$Format;Lcom/digitalpersona/uareu/Fmd$Format;)Lcom/digitalpersona/uareu/Fmd;+7
j  visualizabio.Verification.actionPerformed(Ljava/awt/event/ActionEvent;)V+55
j  javax.swing.AbstractButton.fireActionPerformed(Ljava/awt/event/ActionEvent;)V+83
j  javax.swing.AbstractButton$Handler.actionPerformed(Ljava/awt/event/ActionEvent;)V+5
j  javax.swing.DefaultButtonModel.fireActionPerformed(Ljava/awt/event/ActionEvent;)V+34
j  javax.swing.DefaultButtonModel.setPressed(Z)V+117
j  javax.swing.plaf.basic.BasicButtonListener.mouseReleased(Ljava/awt/event/MouseEvent;)V+35
j  java.awt.Component.processMouseEvent(Ljava/awt/event/MouseEvent;)V+64
j  javax.swing.JComponent.processMouseEvent(Ljava/awt/event/MouseEvent;)V+23
J 1399 C1 java.awt.Component.processEvent(Ljava/awt/AWTEvent;)V (220 bytes) @ 0x0000000002d61504 [0x0000000002d60fe0+0x524]
J 1398 C1 java.awt.Container.processEvent(Ljava/awt/AWTEvent;)V (22 bytes) @ 0x0000000002d60b4c [0x0000000002d60820+0x32c]
J 1053 C1 java.awt.Component.dispatchEventImpl(Ljava/awt/AWTEvent;)V (883 bytes) @ 0x0000000002c2a52c [0x0000000002c25040+0x54ec]
J 989 C1 java.awt.Container.dispatchEventImpl(Ljava/awt/AWTEvent;)V (129 bytes) @ 0x0000000002bf5e84 [0x0000000002bf5d40+0x144]
J 1415 C1 java.awt.LightweightDispatcher.retargetMouseEvent(Ljava/awt/Component;ILjava/awt/event/MouseEvent;)V (350 bytes) @ 0x0000000002d700ac [0x0000000002d6db40+0x256c]
J 1386 C1 java.awt.LightweightDispatcher.processMouseEvent(Ljava/awt/event/MouseEvent;)Z (286 bytes) @ 0x0000000002d5404c [0x0000000002d52940+0x170c]
J 1114 C1 java.awt.LightweightDispatcher.dispatchEvent(Ljava/awt/AWTEvent;)Z (73 bytes) @ 0x0000000002c55a3c [0x0000000002c55600+0x43c]
J 989 C1 java.awt.Container.dispatchEventImpl(Ljava/awt/AWTEvent;)V (129 bytes) @ 0x0000000002bf5e24 [0x0000000002bf5d40+0xe4]
J 1133 C1 java.awt.Window.dispatchEventImpl(Ljava/awt/AWTEvent;)V (23 bytes) @ 0x0000000002c80fe4 [0x0000000002c80a00+0x5e4]
J 1020 C1 java.awt.EventQueue.dispatchEventImpl(Ljava/awt/AWTEvent;Ljava/lang/Object;)V (149 bytes) @ 0x0000000002c0cf7c [0x0000000002c0b740+0x183c]
J 981 C1 java.awt.EventQueue$3.run()Ljava/lang/Void; (60 bytes) @ 0x0000000002bef48c [0x0000000002bef280+0x20c]
J 980 C1 java.awt.EventQueue$3.run()Ljava/lang/Object; (5 bytes) @ 0x0000000002beef0c [0x0000000002beee80+0x8c]
v  ~StubRoutines::call_stub
J 661  java.security.AccessController.doPrivileged(Ljava/security/PrivilegedAction;Ljava/security/AccessControlContext;)Ljava/lang/Object; (0 bytes) @ 0x0000000002b0bc66 [0x0000000002b0bc00+0x66]
J 1039 C1 java.awt.EventQueue$4.run()Ljava/lang/Object; (5 bytes) @ 0x0000000002c1be2c [0x0000000002c1ba00+0x42c]
v  ~StubRoutines::call_stub
J 661  java.security.AccessController.doPrivileged(Ljava/security/PrivilegedAction;Ljava/security/AccessControlContext;)Ljava/lang/Object; (0 bytes) @ 0x0000000002b0bc66 [0x0000000002b0bc00+0x66]
J 983 C1 java.awt.EventQueue.dispatchEvent(Ljava/awt/AWTEvent;)V (80 bytes) @ 0x0000000002bf0e14 [0x0000000002beffc0+0xe54]
J 820 C1 java.awt.EventDispatchThread.pumpOneEventForFilters(I)V (295 bytes) @ 0x0000000002b66724 [0x0000000002b64bc0+0x1b64]
j  java.awt.EventDispatchThread.pumpEventsForFilter(ILjava/awt/Conditional;Ljava/awt/EventFilter;)V+35
j  java.awt.EventDispatchThread.pumpEventsForFilter(Ljava/awt/Conditional;Ljava/awt/EventFilter;)V+4
j  java.awt.WaitDispatchSupport$2.run()V+59
j  java.awt.WaitDispatchSupport$4.run()Ljava/lang/Void;+4
j  java.awt.WaitDispatchSupport$4.run()Ljava/lang/Object;+1
v  ~StubRoutines::call_stub
J 1172  java.security.AccessController.doPrivileged(Ljava/security/PrivilegedAction;)Ljava/lang/Object; (0 bytes) @ 0x0000000002c92a12 [0x0000000002c929c0+0x52]
j  java.awt.WaitDispatchSupport.enter()Z+279
j  java.awt.Dialog.show()V+233
j  java.awt.Component.show(Z)V+5
j  java.awt.Component.setVisible(Z)V+2
j  java.awt.Window.setVisible(Z)V+2
j  java.awt.Dialog.setVisible(Z)V+2
j  visualizabio.Verification.doModal(Ljavax/swing/JDialog;)V+75
j  visualizabio.Verification.Run(Lcom/digitalpersona/uareu/Reader;Lcom/digitalpersona/uareu/Fmd;)V+31
j  visualizabio.UareUSampleJava.actionPerformed(Ljava/awt/event/ActionEvent;)V+94
j  javax.swing.AbstractButton.fireActionPerformed(Ljava/awt/event/ActionEvent;)V+83
j  javax.swing.AbstractButton$Handler.actionPerformed(Ljava/awt/event/ActionEvent;)V+5
j  javax.swing.DefaultButtonModel.fireActionPerformed(Ljava/awt/event/ActionEvent;)V+34
j  javax.swing.DefaultButtonModel.setPressed(Z)V+117
j  javax.swing.plaf.basic.BasicButtonListener.mouseReleased(Ljava/awt/event/MouseEvent;)V+35
j  java.awt.Component.processMouseEvent(Ljava/awt/event/MouseEvent;)V+64
j  javax.swing.JComponent.processMouseEvent(Ljava/awt/event/MouseEvent;)V+23
J 1399 C1 java.awt.Component.processEvent(Ljava/awt/AWTEvent;)V (220 bytes) @ 0x0000000002d61504 [0x0000000002d60fe0+0x524]
J 1398 C1 java.awt.Container.processEvent(Ljava/awt/AWTEvent;)V (22 bytes) @ 0x0000000002d60b4c [0x0000000002d60820+0x32c]
J 1053 C1 java.awt.Component.dispatchEventImpl(Ljava/awt/AWTEvent;)V (883 bytes) @ 0x0000000002c2a52c [0x0000000002c25040+0x54ec]
J 989 C1 java.awt.Container.dispatchEventImpl(Ljava/awt/AWTEvent;)V (129 bytes) @ 0x0000000002bf5e84 [0x0000000002bf5d40+0x144]
J 1415 C1 java.awt.LightweightDispatcher.retargetMouseEvent(Ljava/awt/Component;ILjava/awt/event/MouseEvent;)V (350 bytes) @ 0x0000000002d700ac [0x0000000002d6db40+0x256c]
J 1386 C1 java.awt.LightweightDispatcher.processMouseEvent(Ljava/awt/event/MouseEvent;)Z (286 bytes) @ 0x0000000002d5404c [0x0000000002d52940+0x170c]
J 1114 C1 java.awt.LightweightDispatcher.dispatchEvent(Ljava/awt/AWTEvent;)Z (73 bytes) @ 0x0000000002c55a3c [0x0000000002c55600+0x43c]
J 989 C1 java.awt.Container.dispatchEventImpl(Ljava/awt/AWTEvent;)V (129 bytes) @ 0x0000000002bf5e24 [0x0000000002bf5d40+0xe4]
J 1133 C1 java.awt.Window.dispatchEventImpl(Ljava/awt/AWTEvent;)V (23 bytes) @ 0x0000000002c80fe4 [0x0000000002c80a00+0x5e4]
J 1020 C1 java.awt.EventQueue.dispatchEventImpl(Ljava/awt/AWTEvent;Ljava/lang/Object;)V (149 bytes) @ 0x0000000002c0cf7c [0x0000000002c0b740+0x183c]
J 981 C1 java.awt.EventQueue$3.run()Ljava/lang/Void; (60 bytes) @ 0x0000000002bef48c [0x0000000002bef280+0x20c]
J 980 C1 java.awt.EventQueue$3.run()Ljava/lang/Object; (5 bytes) @ 0x0000000002beef0c [0x0000000002beee80+0x8c]
v  ~StubRoutines::call_stub
J 661  java.security.AccessController.doPrivileged(Ljava/security/PrivilegedAction;Ljava/security/AccessControlContext;)Ljava/lang/Object; (0 bytes) @ 0x0000000002b0bc66 [0x0000000002b0bc00+0x66]
J 1039 C1 java.awt.EventQueue$4.run()Ljava/lang/Object; (5 bytes) @ 0x0000000002c1be2c [0x0000000002c1ba00+0x42c]
v  ~StubRoutines::call_stub
J 661  java.security.AccessController.doPrivileged(Ljava/security/PrivilegedAction;Ljava/security/AccessControlContext;)Ljava/lang/Object; (0 bytes) @ 0x0000000002b0bc66 [0x0000000002b0bc00+0x66]
J 983 C1 java.awt.EventQueue.dispatchEvent(Ljava/awt/AWTEvent;)V (80 bytes) @ 0x0000000002bf0e14 [0x0000000002beffc0+0xe54]
J 820 C1 java.awt.EventDispatchThread.pumpOneEventForFilters(I)V (295 bytes) @ 0x0000000002b66724 [0x0000000002b64bc0+0x1b64]
j  java.awt.EventDispatchThread.pumpEventsForFilter(ILjava/awt/Conditional;Ljava/awt/EventFilter;)V+35
j  java.awt.EventDispatchThread.pumpEventsForFilter(Ljava/awt/Conditional;Ljava/awt/EventFilter;)V+4
j  java.awt.WaitDispatchSupport$2.run()V+59
j  java.awt.event.InvocationEvent.dispatch()V+47
j  java.awt.EventQueue.dispatchEventImpl(Ljava/awt/AWTEvent;Ljava/lang/Object;)V+21
j  java.awt.EventQueue.access$500(Ljava/awt/EventQueue;Ljava/awt/AWTEvent;Ljava/lang/Object;)V+3
j  java.awt.EventQueue$3.run()Ljava/lang/Void;+32
j  java.awt.EventQueue$3.run()Ljava/lang/Object;+1
v  ~StubRoutines::call_stub
j  java.security.AccessController.doPrivileged(Ljava/security/PrivilegedAction;Ljava/security/AccessControlContext;)Ljava/lang/Object;+0
j  java.security.ProtectionDomain$JavaSecurityAccessImpl.doIntersectionPrivilege(Ljava/security/PrivilegedAction;Ljava/security/AccessControlContext;Ljava/security/AccessControlContext;)Ljava/lang/Object;+18
j  java.awt.EventQueue.dispatchEvent(Ljava/awt/AWTEvent;)V+46
j  java.awt.EventDispatchThread.pumpOneEventForFilters(I)V+245
j  java.awt.EventDispatchThread.pumpEventsForFilter(ILjava/awt/Conditional;Ljava/awt/EventFilter;)V+35
j  java.awt.EventDispatchThread.pumpEventsForHierarchy(ILjava/awt/Conditional;Ljava/awt/Component;)V+11
j  java.awt.EventDispatchThread.pumpEvents(ILjava/awt/Conditional;)V+4
j  java.awt.EventDispatchThread.pumpEvents(Ljava/awt/Conditional;)V+3
j  java.awt.EventDispatchThread.run()V+9
v  ~StubRoutines::call_stub

---------------  P R O C E S S  ---------------

Java Threads: ( => current thread )
  0x00000000168ef800 JavaThread "Swing-Shell" daemon [_thread_blocked, id=8824, stack(0x000000001b5c0000,0x000000001b6c0000)]
  0x00000000168f6000 JavaThread "Thread-8" [_thread_in_native, id=7764, stack(0x000000001b0c0000,0x000000001b1c0000)]
  0x00000000163d6800 JavaThread "MySQL Statement Cancellation Timer" daemon [_thread_blocked, id=11876, stack(0x0000000019ef0000,0x0000000019ff0000)]
  0x0000000016797000 JavaThread "TimerQueue" daemon [_thread_blocked, id=5440, stack(0x00000000193f0000,0x00000000194f0000)]
=>0x00000000166f9800 JavaThread "AWT-EventQueue-0" [_thread_in_vm, id=2640, stack(0x0000000017ab0000,0x0000000017bb0000)]
  0x000000001664e800 JavaThread "AWT-Windows" daemon [_thread_in_native, id=6500, stack(0x0000000017000000,0x0000000017100000)]
  0x000000001664a000 JavaThread "AWT-Shutdown" [_thread_blocked, id=1284, stack(0x0000000016f00000,0x0000000017000000)]
  0x0000000016649000 JavaThread "Java2D Disposer" daemon [_thread_blocked, id=5772, stack(0x0000000016e00000,0x0000000016f00000)]
  0x0000000014cbb800 JavaThread "Service Thread" daemon [_thread_blocked, id=8104, stack(0x0000000015eb0000,0x0000000015fb0000)]
  0x0000000014cb5000 JavaThread "C1 CompilerThread1" daemon [_thread_blocked, id=14680, stack(0x0000000015db0000,0x0000000015eb0000)]
  0x0000000014c5b000 JavaThread "C2 CompilerThread0" daemon [_thread_blocked, id=12372, stack(0x0000000015cb0000,0x0000000015db0000)]
  0x0000000014c59800 JavaThread "Attach Listener" daemon [_thread_blocked, id=9276, stack(0x0000000015bb0000,0x0000000015cb0000)]
  0x0000000014c56800 JavaThread "Signal Dispatcher" daemon [_thread_blocked, id=13484, stack(0x0000000015ab0000,0x0000000015bb0000)]
  0x0000000014c48800 JavaThread "Finalizer" daemon [_thread_blocked, id=8160, stack(0x00000000158a0000,0x00000000159a0000)]
  0x000000000287d800 JavaThread "Reference Handler" daemon [_thread_blocked, id=4660, stack(0x00000000157a0000,0x00000000158a0000)]
  0x0000000000d3e800 JavaThread "main" [_thread_blocked, id=13628, stack(0x0000000002690000,0x0000000002790000)]

Other Threads:
  0x0000000014c27000 VMThread [stack: 0x00000000156a0000,0x00000000157a0000] [id=14508]
  0x0000000014cc0000 WatcherThread [stack: 0x0000000016100000,0x0000000016200000] [id=13692]

VM state:not at safepoint (normal execution)

VM Mutex/Monitor currently owned by a thread: None

Heap:
 PSYoungGen      total 18944K, used 15769K [0x00000000eb180000, 0x00000000ec680000, 0x0000000100000000)
  eden space 16384K, 80% used [0x00000000eb180000,0x00000000ebe68ce8,0x00000000ec180000)
  from space 2560K, 99% used [0x00000000ec180000,0x00000000ec3fd990,0x00000000ec400000)
  to   space 2560K, 0% used [0x00000000ec400000,0x00000000ec400000,0x00000000ec680000)
 ParOldGen       total 44032K, used 2599K [0x00000000c1400000, 0x00000000c3f00000, 0x00000000eb180000)
  object space 44032K, 5% used [0x00000000c1400000,0x00000000c1689c78,0x00000000c3f00000)
 Metaspace       used 17461K, capacity 17752K, committed 18176K, reserved 1064960K
  class space    used 2124K, capacity 2194K, committed 2304K, reserved 1048576K

Card table byte_map: [0x0000000011c50000,0x0000000011e50000] byte_map_base: 0x0000000011646000

Marking Bits: (ParMarkBitMap*) 0x000000006299a6c0
 Begin Bits: [0x00000000121a0000, 0x0000000013150000)
 End Bits:   [0x0000000013150000, 0x0000000014100000)

Polling page: 0x0000000000d70000

CodeCache: size=245760Kb used=6321Kb max_used=6419Kb free=239438Kb
 bounds [0x0000000002890000, 0x0000000002ee0000, 0x0000000011890000]
 total_blobs=2457 nmethods=1882 adapters=487
 compilation: enabled

Compilation events (10 events):
Event: 71.256 Thread 0x0000000014cb5000 2014       3       sun.java2d.windows.GDIBlitLoops::Blit (37 bytes)
Event: 71.256 Thread 0x0000000014cb5000 nmethod 2014 0x0000000002af6bd0 code [0x0000000002af6d40, 0x0000000002af6f88]
Event: 72.131 Thread 0x0000000014cb5000 2016       3       java.util.HashSet::<init> (16 bytes)
Event: 72.131 Thread 0x0000000014cb5000 nmethod 2016 0x0000000002b05710 code [0x0000000002b058a0, 0x0000000002b05cb0]
Event: 72.972 Thread 0x0000000014c5b000 2017       4       java.awt.GraphicsEnvironment::isHeadless (4 bytes)
Event: 72.973 Thread 0x0000000014c5b000 nmethod 2017 0x0000000002a108d0 code [0x0000000002a10a00, 0x0000000002a10a58]
Event: 72.982 Thread 0x0000000014cb5000 2018       1       java.awt.Window::getTemporaryLostComponent (5 bytes)
Event: 72.982 Thread 0x0000000014cb5000 nmethod 2018 0x0000000002c0fed0 code [0x0000000002c10020, 0x0000000002c10130]
Event: 72.993 Thread 0x0000000014cb5000 2019       3       java.util.WeakHashMap::put (162 bytes)
Event: 72.996 Thread 0x0000000014cb5000 nmethod 2019 0x0000000002b2de90 code [0x0000000002b2e0c0, 0x0000000002b2ef58]

GC Heap History (2 events):
Event: 21.394 GC heap before
{Heap before GC invocations=1 (full 0):
 PSYoungGen      total 18944K, used 16316K [0x00000000eb180000, 0x00000000ec680000, 0x0000000100000000)
  eden space 16384K, 99% used [0x00000000eb180000,0x00000000ec16f088,0x00000000ec180000)
  from space 2560K, 0% used [0x00000000ec400000,0x00000000ec400000,0x00000000ec680000)
  to   space 2560K, 0% used [0x00000000ec180000,0x00000000ec180000,0x00000000ec400000)
 ParOldGen       total 44032K, used 0K [0x00000000c1400000, 0x00000000c3f00000, 0x00000000eb180000)
  object space 44032K, 0% used [0x00000000c1400000,0x00000000c1400000,0x00000000c3f00000)
 Metaspace       used 14335K, capacity 14584K, committed 14848K, reserved 1062912K
  class space    used 1679K, capacity 1742K, committed 1792K, reserved 1048576K
Event: 21.404 GC heap after
Heap after GC invocations=1 (full 0):
 PSYoungGen      total 18944K, used 2550K [0x00000000eb180000, 0x00000000ec680000, 0x0000000100000000)
  eden space 16384K, 0% used [0x00000000eb180000,0x00000000eb180000,0x00000000ec180000)
  from space 2560K, 99% used [0x00000000ec180000,0x00000000ec3fd990,0x00000000ec400000)
  to   space 2560K, 0% used [0x00000000ec400000,0x00000000ec400000,0x00000000ec680000)
 ParOldGen       total 44032K, used 2599K [0x00000000c1400000, 0x00000000c3f00000, 0x00000000eb180000)
  object space 44032K, 5% used [0x00000000c1400000,0x00000000c1689c78,0x00000000c3f00000)
 Metaspace       used 14335K, capacity 14584K, committed 14848K, reserved 1062912K
  class space    used 1679K, capacity 1742K, committed 1792K, reserved 1048576K
}

Deoptimization events (10 events):
Event: 43.780 Thread 0x00000000166f9800 Uncommon trap: reason=unstable_if action=reinterpret pc=0x0000000002e0e6a8 method=java.util.Hashtable.get(Ljava/lang/Object;)Ljava/lang/Object; @ 48
Event: 43.781 Thread 0x00000000166f9800 Uncommon trap: reason=unstable_if action=reinterpret pc=0x0000000002d71868 method=sun.font.FileFontStrike.getCachedGlyphPtrInternal(I)J @ 99
Event: 43.821 Thread 0x00000000166f9800 Uncommon trap: reason=unstable_if action=reinterpret pc=0x0000000002df1ad0 method=java.awt.EventQueue.postEvent(Ljava/awt/AWTEvent;I)V @ 6
Event: 44.880 Thread 0x00000000166f9800 Uncommon trap: reason=unstable_if action=reinterpret pc=0x0000000002db96f0 method=java.awt.Container$MouseEventTargetFilter.accept(Ljava/awt/Component;)Z @ 23
Event: 63.787 Thread 0x00000000166f9800 Uncommon trap: reason=class_check action=maybe_recompile pc=0x0000000002d995b0 method=java.awt.EventQueue.coalesceEvent(Ljava/awt/AWTEvent;I)Z @ 77
Event: 63.788 Thread 0x00000000166f9800 Uncommon trap: reason=unstable_if action=reinterpret pc=0x0000000002e5ab60 method=java.awt.Toolkit$SelectiveAWTEventListener.eventDispatched(Ljava/awt/AWTEvent;)V @ 240
Event: 63.790 Thread 0x00000000166f9800 Uncommon trap: reason=class_check action=maybe_recompile pc=0x0000000002d995b0 method=java.awt.EventQueue.coalesceEvent(Ljava/awt/AWTEvent;I)Z @ 77
Event: 63.798 Thread 0x00000000166f9800 Uncommon trap: reason=class_check action=maybe_recompile pc=0x0000000002d995b0 method=java.awt.EventQueue.coalesceEvent(Ljava/awt/AWTEvent;I)Z @ 77
Event: 63.807 Thread 0x00000000166f9800 Uncommon trap: reason=class_check action=maybe_recompile pc=0x0000000002d995b0 method=java.awt.EventQueue.coalesceEvent(Ljava/awt/AWTEvent;I)Z @ 77
Event: 72.971 Thread 0x00000000166f9800 Uncommon trap: reason=unstable_if action=reinterpret pc=0x0000000002c7090c method=java.awt.ModalEventFilter.acceptEvent(Ljava/awt/AWTEvent;)Ljava/awt/EventFilter$FilterAction; @ 58

Internal exceptions (10 events):
Event: 0.189 Thread 0x0000000000d3e800 Exception <a 'java/security/PrivilegedActionException'> (0x00000000eb279538) thrown at [C:\re\workspace\8-2-build-windows-amd64-cygwin\jdk8u111\7883\hotspot\src\share\vm\prims\jvm.cpp, line 1386]
Event: 0.416 Thread 0x0000000000d3e800 Exception <a 'java/security/PrivilegedActionException'> (0x00000000eb3b9e78) thrown at [C:\re\workspace\8-2-build-windows-amd64-cygwin\jdk8u111\7883\hotspot\src\share\vm\prims\jvm.cpp, line 1386]
Event: 0.416 Thread 0x0000000000d3e800 Exception <a 'java/security/PrivilegedActionException'> (0x00000000eb3ba088) thrown at [C:\re\workspace\8-2-build-windows-amd64-cygwin\jdk8u111\7883\hotspot\src\share\vm\prims\jvm.cpp, line 1386]
Event: 0.417 Thread 0x0000000000d3e800 Exception <a 'java/security/PrivilegedActionException'> (0x00000000eb3bdf80) thrown at [C:\re\workspace\8-2-build-windows-amd64-cygwin\jdk8u111\7883\hotspot\src\share\vm\prims\jvm.cpp, line 1386]
Event: 0.417 Thread 0x0000000000d3e800 Exception <a 'java/security/PrivilegedActionException'> (0x00000000eb3be190) thrown at [C:\re\workspace\8-2-build-windows-amd64-cygwin\jdk8u111\7883\hotspot\src\share\vm\prims\jvm.cpp, line 1386]
Event: 0.426 Thread 0x0000000000d3e800 Exception <a 'java/io/FileNotFoundException'> (0x00000000eb3c74f8) thrown at [C:\re\workspace\8-2-build-windows-amd64-cygwin\jdk8u111\7883\hotspot\src\share\vm\prims\jni.cpp, line 709]
Event: 0.480 Thread 0x0000000000d3e800 Exception <a 'java/lang/NoSuchFieldError': method resolution failed> (0x00000000eb4957d8) thrown at [C:\re\workspace\8-2-build-windows-amd64-cygwin\jdk8u111\7883\hotspot\src\share\vm\prims\methodHandles.cpp, line 1146]
Event: 0.496 Thread 0x0000000000d3e800 Exception <a 'java/lang/NoSuchFieldError': method resolution failed> (0x00000000eb4a2ba8) thrown at [C:\re\workspace\8-2-build-windows-amd64-cygwin\jdk8u111\7883\hotspot\src\share\vm\prims\methodHandles.cpp, line 1146]
Event: 0.632 Thread 0x0000000000d3e800 Exception <a 'java/io/FileNotFoundException'> (0x00000000eb5d6970) thrown at [C:\re\workspace\8-2-build-windows-amd64-cygwin\jdk8u111\7883\hotspot\src\share\vm\prims\jni.cpp, line 709]
Event: 43.781 Thread 0x00000000166f9800 Implicit null exception at 0x0000000002d71715 to 0x0000000002d71851

Events (10 events):
Event: 71.253 Thread 0x0000000014cb5000 flushing nmethod 0x0000000002dc7ed0
Event: 71.253 Thread 0x0000000014cb5000 flushing nmethod 0x0000000002dc95d0
Event: 71.253 Thread 0x0000000014cb5000 flushing nmethod 0x0000000002dcee90
Event: 72.971 Thread 0x00000000166f9800 Uncommon trap: trap_request=0xffffff65 fr.pc=0x0000000002c7090c
Event: 72.971 Thread 0x00000000166f9800 DEOPT PACKING pc=0x0000000002c7090c sp=0x0000000017ba70b0
Event: 72.971 Thread 0x00000000166f9800 DEOPT UNPACKING pc=0x00000000028d582a sp=0x0000000017ba7020 mode 2
Event: 72.980 Executing VM operation: RevokeBias
Event: 72.980 Executing VM operation: RevokeBias done
Event: 72.993 loading class com/digitalpersona/uareu/dpfj/ImporterImpl
Event: 72.993 loading class com/digitalpersona/uareu/dpfj/ImporterImpl done


Dynamic libraries:
0x00007ff6da4d0000 - 0x00007ff6da507000 	C:\Program Files\Java\jdk1.8.0_111\bin\java.exe
0x00007ffe35940000 - 0x00007ffe35b21000 	C:\WINDOWS\SYSTEM32\ntdll.dll
0x00007ffe33560000 - 0x00007ffe33612000 	C:\WINDOWS\System32\KERNEL32.DLL
0x00007ffe323c0000 - 0x00007ffe32633000 	C:\WINDOWS\System32\KERNELBASE.dll
0x00007ffe32dd0000 - 0x00007ffe32e71000 	C:\WINDOWS\System32\ADVAPI32.dll
0x00007ffe33db0000 - 0x00007ffe33e4e000 	C:\WINDOWS\System32\msvcrt.dll
0x00007ffe32e90000 - 0x00007ffe32eeb000 	C:\WINDOWS\System32\sechost.dll
0x00007ffe33120000 - 0x00007ffe33244000 	C:\WINDOWS\System32\RPCRT4.dll
0x00007ffe332c0000 - 0x00007ffe33450000 	C:\WINDOWS\System32\USER32.dll
0x00007ffe322a0000 - 0x00007ffe322c0000 	C:\WINDOWS\System32\win32u.dll
0x00007ffe33880000 - 0x00007ffe338a8000 	C:\WINDOWS\System32\GDI32.dll
0x00007ffe31e00000 - 0x00007ffe31f92000 	C:\WINDOWS\System32\gdi32full.dll
0x00007ffe31d60000 - 0x00007ffe31dff000 	C:\WINDOWS\System32\msvcp_win.dll
0x00007ffe322c0000 - 0x00007ffe323ba000 	C:\WINDOWS\System32\ucrtbase.dll
0x00007ffe1c630000 - 0x00007ffe1c899000 	C:\WINDOWS\WinSxS\amd64_microsoft.windows.common-controls_6595b64144ccf1df_6.0.17134.285_none_fb4297e330656775\COMCTL32.dll
0x00007ffe355c0000 - 0x00007ffe358e3000 	C:\WINDOWS\System32\combase.dll
0x00007ffe32d50000 - 0x00007ffe32dca000 	C:\WINDOWS\System32\bcryptPrimitives.dll
0x00007ffe330f0000 - 0x00007ffe3311d000 	C:\WINDOWS\System32\IMM32.DLL
0x00000000620a0000 - 0x0000000062172000 	C:\Program Files\Java\jdk1.8.0_111\jre\bin\msvcr100.dll
0x0000000062180000 - 0x0000000062a1a000 	C:\Program Files\Java\jdk1.8.0_111\jre\bin\server\jvm.dll
0x00007ffe32e80000 - 0x00007ffe32e88000 	C:\WINDOWS\System32\PSAPI.DLL
0x00007ffe20b60000 - 0x00007ffe20b69000 	C:\WINDOWS\SYSTEM32\WSOCK32.dll
0x00007ffe33250000 - 0x00007ffe332bc000 	C:\WINDOWS\System32\WS2_32.dll
0x00007ffe2e400000 - 0x00007ffe2e423000 	C:\WINDOWS\SYSTEM32\WINMM.dll
0x00007ffe20dd0000 - 0x00007ffe20dda000 	C:\WINDOWS\SYSTEM32\VERSION.dll
0x00007ffe2e3d0000 - 0x00007ffe2e3fa000 	C:\WINDOWS\SYSTEM32\WINMMBASE.dll
0x00007ffe31d10000 - 0x00007ffe31d59000 	C:\WINDOWS\System32\cfgmgr32.dll
0x0000000062fe0000 - 0x0000000062fef000 	C:\Program Files\Java\jdk1.8.0_111\jre\bin\verify.dll
0x0000000062fb0000 - 0x0000000062fd9000 	C:\Program Files\Java\jdk1.8.0_111\jre\bin\java.dll
0x0000000062f40000 - 0x0000000062f56000 	C:\Program Files\Java\jdk1.8.0_111\jre\bin\zip.dll
0x00007ffe34180000 - 0x00007ffe355c0000 	C:\WINDOWS\System32\SHELL32.dll
0x00007ffe338b0000 - 0x00007ffe33959000 	C:\WINDOWS\System32\shcore.dll
0x00007ffe32640000 - 0x00007ffe32d4d000 	C:\WINDOWS\System32\windows.storage.dll
0x00007ffe33090000 - 0x00007ffe330e1000 	C:\WINDOWS\System32\shlwapi.dll
0x00007ffe31c50000 - 0x00007ffe31c61000 	C:\WINDOWS\System32\kernel.appcore.dll
0x00007ffe31cd0000 - 0x00007ffe31cef000 	C:\WINDOWS\System32\profapi.dll
0x00007ffe31c70000 - 0x00007ffe31cbc000 	C:\WINDOWS\System32\powrprof.dll
0x00007ffe31cc0000 - 0x00007ffe31cca000 	C:\WINDOWS\System32\FLTLIB.DLL
0x0000000061f00000 - 0x0000000062098000 	C:\Program Files\Java\jdk1.8.0_111\jre\bin\awt.dll
0x00007ffe33e60000 - 0x00007ffe33f22000 	C:\WINDOWS\System32\OLEAUT32.dll
0x00007ffe2fc40000 - 0x00007ffe2fccb000 	C:\WINDOWS\SYSTEM32\apphelp.dll
0x00007ffe2fdc0000 - 0x00007ffe2fe58000 	C:\WINDOWS\system32\uxtheme.dll
0x00007ffe33620000 - 0x00007ffe33795000 	C:\WINDOWS\System32\MSCTF.dll
0x00007ffe30050000 - 0x00007ffe30079000 	C:\WINDOWS\system32\dwmapi.dll
0x00007ffe33f30000 - 0x00007ffe34081000 	C:\WINDOWS\System32\ole32.dll
0x0000000061eb0000 - 0x0000000061ef7000 	C:\Program Files\Java\jdk1.8.0_111\jre\bin\fontmanager.dll
0x0000000062eb0000 - 0x0000000062eca000 	C:\Program Files\Java\jdk1.8.0_111\jre\bin\net.dll
0x00007ffe314d0000 - 0x00007ffe31536000 	C:\WINDOWS\system32\mswsock.dll
0x0000000062e90000 - 0x0000000062ea1000 	C:\Program Files\Java\jdk1.8.0_111\jre\bin\nio.dll
0x0000000061e60000 - 0x0000000061ea2000 	C:\Program Files\Java\jdk1.8.0_111\jre\bin\t2k.dll
0x00007ffe28cf0000 - 0x00007ffe28d16000 	C:\Windows\System32\dpuareu_jni.dll
0x00007ffe1e460000 - 0x00007ffe1e4d4000 	C:\WINDOWS\SYSTEM32\dpfj.dll
0x00007ffe1fcc0000 - 0x00007ffe1fceb000 	C:\WINDOWS\SYSTEM32\dpfpdd.dll
0x00007ffe1c5a0000 - 0x00007ffe1c630000 	C:\WINDOWS\SYSTEM32\DPFPApi.DLL
0x00007ffe320b0000 - 0x00007ffe32292000 	C:\WINDOWS\System32\CRYPT32.dll
0x00007ffe31cf0000 - 0x00007ffe31d02000 	C:\WINDOWS\System32\MSASN1.dll
0x00007ffe31b80000 - 0x00007ffe31ba8000 	C:\WINDOWS\SYSTEM32\USERENV.dll
0x00007ffe162d0000 - 0x00007ffe1631c000 	C:\WINDOWS\system32\DPCLBACK.dll
0x00007ffe213c0000 - 0x00007ffe213d7000 	C:\WINDOWS\SYSTEM32\NETAPI32.dll
0x00007ffe31290000 - 0x00007ffe3129e000 	C:\WINDOWS\SYSTEM32\NETUTILS.DLL
0x00007ffe30d40000 - 0x00007ffe30d71000 	C:\WINDOWS\SYSTEM32\ntmarta.dll
0x00007ffe31690000 - 0x00007ffe316a7000 	C:\WINDOWS\SYSTEM32\CRYPTSP.dll
0x00007ffe310b0000 - 0x00007ffe310e3000 	C:\WINDOWS\system32\rsaenh.dll
0x00007ffe317b0000 - 0x00007ffe317d5000 	C:\WINDOWS\SYSTEM32\bcrypt.dll
0x00007ffe31680000 - 0x00007ffe3168b000 	C:\WINDOWS\SYSTEM32\CRYPTBASE.dll
0x00007ffe23cf0000 - 0x00007ffe23d87000 	C:\WINDOWS\System32\TextInputFramework.dll
0x00007ffe2c910000 - 0x00007ffe2cc2e000 	C:\WINDOWS\System32\CoreUIComponents.dll
0x00007ffe2f700000 - 0x00007ffe2f7da000 	C:\WINDOWS\System32\CoreMessaging.dll
0x00007ffe2de10000 - 0x00007ffe2df5d000 	C:\WINDOWS\SYSTEM32\wintypes.dll
0x00007ffe33460000 - 0x00007ffe33500000 	C:\WINDOWS\System32\clbcatq.dll
0x00007ffe2ce70000 - 0x00007ffe2d01e000 	C:\WINDOWS\SYSTEM32\WindowsCodecs.dll
0x00007ffe0b8e0000 - 0x00007ffe0b938000 	C:\WINDOWS\system32\dataexchange.dll
0x00007ffe2f560000 - 0x00007ffe2f6fc000 	C:\WINDOWS\system32\dcomp.dll
0x00007ffe2f250000 - 0x00007ffe2f55b000 	C:\WINDOWS\system32\d3d11.dll
0x00007ffe306a0000 - 0x00007ffe3075b000 	C:\WINDOWS\system32\dxgi.dll
0x00007ffe301e0000 - 0x00007ffe30398000 	C:\WINDOWS\system32\twinapi.appcore.dll
0x00007ffe30130000 - 0x00007ffe30151000 	C:\WINDOWS\system32\RMCLIENT.dll
0x00007ffe312a0000 - 0x00007ffe3135e000 	C:\WINDOWS\SYSTEM32\DNSAPI.dll
0x00007ffe33e50000 - 0x00007ffe33e58000 	C:\WINDOWS\System32\NSI.dll
0x00007ffe31250000 - 0x00007ffe31288000 	C:\WINDOWS\SYSTEM32\IPHLPAPI.DLL
0x00007ffe249b0000 - 0x00007ffe249ba000 	C:\Windows\System32\rasadhlp.dll
0x00007ffe255e0000 - 0x00007ffe25652000 	C:\WINDOWS\System32\fwpuclnt.dll
0x00007ffe09db0000 - 0x00007ffe09e57000 	C:\WINDOWS\WinSxS\amd64_microsoft.windows.common-controls_6595b64144ccf1df_5.82.17134.285_none_f956470b309229d4\comctl32.dll
0x00007ffe2dc20000 - 0x00007ffe2ddd4000 	C:\WINDOWS\system32\propsys.dll
0x00007ffe1e790000 - 0x00007ffe1e8b7000 	C:\WINDOWS\system32\NetworkExplorer.dll
0x00007ffe28e40000 - 0x00007ffe294db000 	C:\Windows\System32\OneCoreUAPCommonProxyStub.dll
0x00007ffe1af00000 - 0x00007ffe1af1a000 	C:\WINDOWS\SYSTEM32\MPR.dll
0x00007ffe28310000 - 0x00007ffe2831b000 	C:\WINDOWS\System32\drprov.dll
0x00007ffe30db0000 - 0x00007ffe30e06000 	C:\WINDOWS\System32\WINSTA.dll
0x00007ffe282f0000 - 0x00007ffe28306000 	C:\WINDOWS\System32\ntlanman.dll
0x00007ffe282d0000 - 0x00007ffe282ed000 	C:\WINDOWS\System32\davclnt.dll
0x00007ffe282c0000 - 0x00007ffe282cc000 	C:\WINDOWS\System32\DAVHLPR.dll
0x00007ffe2cd80000 - 0x00007ffe2cd97000 	C:\WINDOWS\System32\wkscli.dll
0x00007ffe12ba0000 - 0x00007ffe12bb2000 	C:\WINDOWS\SYSTEM32\cscapi.dll
0x00007ffde0490000 - 0x00007ffde04da000 	C:\Windows\System32\dlnashext.dll
0x00007ffdf9c70000 - 0x00007ffdf9cd3000 	C:\Windows\System32\PlayToDevice.dll
0x00007ffe2e770000 - 0x00007ffe2e78e000 	C:\Windows\System32\DevDispItemProvider.dll
0x00007ffe26690000 - 0x00007ffe26706000 	C:\WINDOWS\System32\MMDevApi.dll
0x00007ffe31a60000 - 0x00007ffe31a87000 	C:\WINDOWS\System32\DEVOBJ.dll
0x00007ffe0aa00000 - 0x00007ffe0abe1000 	C:\WINDOWS\system32\wpdshext.dll
0x00007ffe09950000 - 0x00007ffe09aea000 	C:\WINDOWS\WinSxS\amd64_microsoft.windows.gdiplus_6595b64144ccf1df_1.1.17134.285_none_2c2d8ac88af7e143\gdiplus.dll
0x00007ffe261f0000 - 0x00007ffe2628c000 	C:\Windows\System32\PortableDeviceApi.dll
0x00007ffe33960000 - 0x00007ffe33dab000 	C:\WINDOWS\System32\SETUPAPI.dll
0x00007ffe31fa0000 - 0x00007ffe31ff7000 	C:\WINDOWS\System32\WINTRUST.dll
0x00007ffe09440000 - 0x00007ffe09477000 	C:\Windows\System32\EhStorShell.dll
0x00007ffe1f2d0000 - 0x00007ffe1f2f5000 	C:\Windows\System32\EhStorAPI.dll
0x00007ffe30b50000 - 0x00007ffe30b63000 	C:\Windows\System32\WTSAPI32.dll
0x00007ffe09da0000 - 0x00007ffe09dad000 	C:\WINDOWS\SYSTEM32\LINKINFO.dll
0x00007ffe2d3e0000 - 0x00007ffe2d445000 	C:\WINDOWS\system32\Ninput.dll
0x00007ffe30980000 - 0x00007ffe30b49000 	C:\WINDOWS\SYSTEM32\dbghelp.dll

VM Arguments:
jvm_args: -Dfile.encoding=UTF-8 
java_command: visualizabio.UareUSampleJava
java_class_path (initial): C:\Users\Gustavo Guerra\Documents\A.D.S\TESTE BIOMETRIA\VisualizaBio\lib\bridj-0.7-20130703.103049-42.jar;C:\Users\Gustavo Guerra\Documents\A.D.S\TESTE BIOMETRIA\VisualizaBio\lib\dpjavapos.jar;C:\Users\Gustavo Guerra\Documents\A.D.S\TESTE BIOMETRIA\VisualizaBio\lib\dpuareu.jar;C:\Users\Gustavo Guerra\Documents\A.D.S\TESTE BIOMETRIA\VisualizaBio\lib\javacpp.jar;C:\Users\Gustavo Guerra\Documents\A.D.S\TESTE BIOMETRIA\VisualizaBio\lib\javacv-windows-x86_64.jar;C:\Users\Gustavo Guerra\Documents\A.D.S\TESTE BIOMETRIA\VisualizaBio\lib\javacv.jar;C:\Users\Gustavo Guerra\Documents\A.D.S\TESTE BIOMETRIA\VisualizaBio\lib\jmf.jar;C:\Users\Gustavo Guerra\Documents\A.D.S\TESTE BIOMETRIA\VisualizaBio\lib\jpos113.jar;C:\Users\Gustavo Guerra\Documents\A.D.S\TESTE BIOMETRIA\VisualizaBio\lib\jvideo-v0.01stable.jar;C:\Users\Gustavo Guerra\Documents\A.D.S\TESTE BIOMETRIA\VisualizaBio\lib\mysql-connector-java-5.1.5-bin.jar;C:\Users\Gustavo Guerra\Documents\A.D.S\TESTE BIOMETRIA\VisualizaBio\lib\slf4j-api-1.7.2.jar;C:\Users\Gustavo Guerra\Documents\A.D.S\TESTE BIOMETRIA\VisualizaBio\lib\webcam-capture-0.3.10-RC4.jar;C:\Users\Gustavo Guerra\Documents\A.D.S\TESTE BIOMETRIA\VisualizaBio\lib\xercesImpl-2.6.2.jar;C:\Users\Gustavo Guerra\Documents\A.D.S\TESTE BIOMETRIA\VisualizaBio\lib\xmlParserAPIs.jar;C:\Program Files\NetBeans 8.2\ide\modules\ext\mysql-connector-java-5.1.23-bin.jar;C:\Users\Gustavo Guerra\Documents\A.D.S\TESTE BIOMETRIA\VisualizaBio\build\classes
Launcher Type: SUN_STANDARD

Environment Variables:
PATH=C:\Program Files (x86)\Common Files\Oracle\Java\javapath;C:\ProgramData\Oracle\Java\javapath;C:\Program Files (x86)\Intel\Intel(R) Management Engine Components\iCLS\;C:\Program Files\Intel\Intel(R) Management Engine Components\iCLS\;C:\WINDOWS\system32;C:\WINDOWS;C:\WINDOWS\System32\Wbem;C:\WINDOWS\System32\WindowsPowerShell\v1.0\;C:\Program Files (x86)\Intel\Intel(R) Management Engine Components\DAL;C:\Program Files\Intel\Intel(R) Management Engine Components\DAL;C:\Program Files (x86)\Intel\Intel(R) Management Engine Components\IPT;C:\Program Files\Intel\Intel(R) Management Engine Components\IPT;C:\WINDOWS\System32\OpenSSH\;C:\Program Files\Java\jdk1.8.0_111\bin;C:\Program Files\Java\jre1.8.0_111\bin;;C:\PostgreSQL\pg10\bin;C:\PostgreSQL\pg96\bin;C:\Users\Gustavo Guerra\AppData\Local\Microsoft\WindowsApps;
USERNAME=Gustavo Guerra
OS=Windows_NT
PROCESSOR_IDENTIFIER=Intel64 Family 6 Model 142 Stepping 9, GenuineIntel



---------------  S Y S T E M  ---------------

OS: Windows 10.0 , 64 bit Build 17134 (10.0.17134.1)

CPU:total 2 (2 cores per cpu, 1 threads per core) family 6 model 142 stepping 9, cmov, cx8, fxsr, mmx, sse, sse2, sse3, ssse3, sse4.1, sse4.2, popcnt, aes, clmul, erms, 3dnowpref, lzcnt, tsc, tscinvbit

Memory: 4k page, physical 4107172k(658236k free), swap 7515044k(2743224k free)

vm_info: Java HotSpot(TM) 64-Bit Server VM (25.111-b14) for windows-amd64 JRE (1.8.0_111-b14), built on Sep 22 2016 19:24:05 by "java_re" with MS VC++ 10.0 (VS2010)

time: Thu Oct 11 15:13:04 2018
elapsed time: 73 seconds (0d 0h 1m 13s)

